#
# There is insufficient memory for the Java Runtime Environment to continue.
# Native memory allocation (malloc) failed to allocate 545456 bytes for Chunk::new
# Possible reasons:
#   The system is out of physical RAM or swap space
#   In 32 bit mode, the process size limit was hit
# Possible solutions:
#   Reduce memory load on the system
#   Increase physical memory or swap space
#   Check if swap backing store is full
#   Use 64 bit Java on a 64 bit OS
#   Decrease Java heap size (-Xmx/-Xms)
#   Decrease number of Java threads
#   Decrease Java thread stack sizes (-Xss)
#   Set larger code cache with -XX:ReservedCodeCacheSize=
# This output file may be truncated or incomplete.
#
#  Out of Memory Error (allocation.cpp:390), pid=39700, tid=0x0000000000010eb8
#
# JRE version: OpenJDK Runtime Environment (8.0_152-b01) (build 1.8.0_152-release-915-b01)
# Java VM: OpenJDK 64-Bit Server VM (25.152-b01 mixed mode windows-amd64 compressed oops)
# Failed to write core dump. Minidumps are not enabled by default on client versions of Windows
#

---------------  T H R E A D  ---------------

Current thread (0x0000000020b94000):  JavaThread "C2 CompilerThread2" daemon [_thread_in_native, id=69304, stack(0x0000000021650000,0x0000000021750000)]

Stack: [0x0000000021650000,0x0000000021750000]
[error occurred during error reporting (printing stack bounds), id 0xc0000005]

Native frames: (J=compiled Java code, j=interpreted, Vv=VM code, C=native code)


Current CompileTask:
C2:  13164 7297       4       java.security.SecureClassLoader::defineClass (16 bytes)


---------------  P R O C E S S  ---------------

Java Threads: ( => current thread )
  0x000000002826c000 JavaThread "Device List Monitor" [_thread_in_native, id=36544, stack(0x000000002c420000,0x000000002c520000)]
  0x000000002909a000 JavaThread "Monitor" [_thread_in_native, id=37260, stack(0x000000002c020000,0x000000002c120000)]
  0x00000000267c5800 JavaThread "File lock request listener" [_thread_in_native, id=40232, stack(0x0000000024530000,0x0000000024630000)]
  0x0000000020c2a800 JavaThread "Service Thread" daemon [_thread_blocked, id=63028, stack(0x0000000021850000,0x0000000021950000)]
  0x000000001ec9c000 JavaThread "C1 CompilerThread3" daemon [_thread_blocked, id=36796, stack(0x0000000021750000,0x0000000021850000)]
=>0x0000000020b94000 JavaThread "C2 CompilerThread2" daemon [_thread_in_native, id=69304, stack(0x0000000021650000,0x0000000021750000)]
  0x0000000020b92000 JavaThread "C2 CompilerThread1" daemon [_thread_blocked, id=26376, stack(0x0000000021550000,0x0000000021650000)]
  0x0000000020b8e800 JavaThread "C2 CompilerThread0" daemon [_thread_in_native, id=18668, stack(0x0000000021450000,0x0000000021550000)]
  0x0000000020b8d800 JavaThread "Attach Listener" daemon [_thread_blocked, id=51956, stack(0x0000000021350000,0x0000000021450000)]
  0x0000000020b8c800 JavaThread "Signal Dispatcher" daemon [_thread_blocked, id=42860, stack(0x0000000021250000,0x0000000021350000)]
  0x0000000020b80800 JavaThread "Finalizer" daemon [_thread_blocked, id=46236, stack(0x0000000020f60000,0x0000000021060000)]
  0x00000000051e7000 JavaThread "Reference Handler" daemon [_thread_blocked, id=57772, stack(0x0000000020a60000,0x0000000020b60000)]
  0x00000000050f2800 JavaThread "main" [_thread_in_native, id=31300, stack(0x0000000004f00000,0x0000000005000000)]

Other Threads:
  0x000000001ec86000 VMThread [stack: 0x0000000020960000,0x0000000020a60000] [id=14868]
  0x0000000020c2b000 WatcherThread [stack: 0x0000000021950000,0x0000000021a50000] [id=68628]

VM state:not at safepoint (normal execution)

VM Mutex/Monitor currently owned by a thread: None

Heap:
 PSYoungGen      total 241152K, used 75581K [0x000000076af80000, 0x000000077b280000, 0x00000007c0000000)
  eden space 223744K, 26% used [0x000000076af80000,0x000000076e856a28,0x0000000778a00000)
  from space 17408K, 99% used [0x000000077a180000,0x000000077b278af8,0x000000077b280000)
  to   space 19968K, 0% used [0x0000000778b80000,0x0000000778b80000,0x0000000779f00000)
 ParOldGen       total 159744K, used 22613K [0x00000006c0e00000, 0x00000006caa00000, 0x000000076af80000)
  object space 159744K, 14% used [0x00000006c0e00000,0x00000006c24155b8,0x00000006caa00000)
 Metaspace       used 51649K, capacity 53092K, committed 53248K, reserved 1095680K
  class space    used 6809K, capacity 7138K, committed 7168K, reserved 1048576K

Card table byte_map: [0x00000000145b0000,0x0000000014db0000] byte_map_base: 0x0000000010fa9000

Marking Bits: (ParMarkBitMap*) 0x0000000057d63950
 Begin Bits: [0x0000000015b10000, 0x0000000019ad8000)
 End Bits:   [0x0000000019ad8000, 0x000000001daa0000)

Polling page: 0x00000000035c0000

CodeCache: size=245760Kb used=22657Kb max_used=23125Kb free=223102Kb
 bounds [0x00000000051f0000, 0x00000000068e0000, 0x00000000141f0000]
 total_blobs=7191 nmethods=6484 adapters=619
 compilation: enabled

Compilation events (10 events):
Event: 13.149 Thread 0x000000001ec9c000 7324       3       org.gradle.internal.concurrent.CompositeStoppable::toStoppable (37 bytes)
Event: 13.149 Thread 0x000000001ec9c000 nmethod 7324 0x0000000005903a10 code [0x0000000005903ba0, 0x00000000059042b0]
Event: 13.149 Thread 0x000000001ec9c000 7325       3       java.util.concurrent.CopyOnWriteArrayList$COWIterator::next (32 bytes)
Event: 13.149 Thread 0x000000001ec9c000 nmethod 7325 0x0000000005527e90 code [0x0000000005528020, 0x00000000055283e8]
Event: 13.150 Thread 0x0000000020b92000 nmethod 7326 0x00000000057f6650 code [0x00000000057f6780, 0x00000000057f6918]
Event: 13.152 Thread 0x0000000020b8e800 7327       4       java.net.URLStreamHandler::toExternalForm (219 bytes)
Event: 13.155 Thread 0x000000001ec9c000 7328   !   3       org.gradle.internal.service.DefaultServiceRegistry$ManagedObjectProvider::stop (93 bytes)
Event: 13.156 Thread 0x000000001ec9c000 nmethod 7328 0x0000000005644750 code [0x00000000056449a0, 0x00000000056458c8]
Event: 13.157 Thread 0x000000001ec9c000 7329  s    3       java.io.ByteArrayOutputStream::toByteArray (12 bytes)
Event: 13.158 Thread 0x000000001ec9c000 nmethod 7329 0x0000000005964dd0 code [0x0000000005964f60, 0x0000000005965488]

GC Heap History (10 events):
Event: 4.241 GC heap before
{Heap before GC invocations=6 (full 1):
 PSYoungGen      total 109568K, used 109516K [0x000000076af80000, 0x0000000774000000, 0x00000007c0000000)
  eden space 103424K, 100% used [0x000000076af80000,0x0000000771480000,0x0000000771480000)
  from space 6144K, 99% used [0x0000000773a00000,0x0000000773ff32f0,0x0000000774000000)
  to   space 10752K, 0% used [0x0000000772b00000,0x0000000772b00000,0x0000000773580000)
 ParOldGen       total 101888K, used 8033K [0x00000006c0e00000, 0x00000006c7180000, 0x000000076af80000)
  object space 101888K, 7% used [0x00000006c0e00000,0x00000006c15d87e8,0x00000006c7180000)
 Metaspace       used 33306K, capacity 33854K, committed 34176K, reserved 1079296K
  class space    used 4446K, capacity 4642K, committed 4736K, reserved 1048576K
Event: 4.257 GC heap after
Heap after GC invocations=6 (full 1):
 PSYoungGen      total 137216K, used 10748K [0x000000076af80000, 0x0000000776a00000, 0x00000007c0000000)
  eden space 126464K, 0% used [0x000000076af80000,0x000000076af80000,0x0000000772b00000)
  from space 10752K, 99% used [0x0000000772b00000,0x000000077357f1e8,0x0000000773580000)
  to   space 15360K, 0% used [0x0000000775b00000,0x0000000775b00000,0x0000000776a00000)
 ParOldGen       total 101888K, used 9474K [0x00000006c0e00000, 0x00000006c7180000, 0x000000076af80000)
  object space 101888K, 9% used [0x00000006c0e00000,0x00000006c1740b18,0x00000006c7180000)
 Metaspace       used 33306K, capacity 33854K, committed 34176K, reserved 1079296K
  class space    used 4446K, capacity 4642K, committed 4736K, reserved 1048576K
}
Event: 4.608 GC heap before
{Heap before GC invocations=7 (full 1):
 PSYoungGen      total 137216K, used 63780K [0x000000076af80000, 0x0000000776a00000, 0x00000007c0000000)
  eden space 126464K, 41% used [0x000000076af80000,0x000000076e34a148,0x0000000772b00000)
  from space 10752K, 99% used [0x0000000772b00000,0x000000077357f1e8,0x0000000773580000)
  to   space 15360K, 0% used [0x0000000775b00000,0x0000000775b00000,0x0000000776a00000)
 ParOldGen       total 101888K, used 9474K [0x00000006c0e00000, 0x00000006c7180000, 0x000000076af80000)
  object space 101888K, 9% used [0x00000006c0e00000,0x00000006c1740b18,0x00000006c7180000)
 Metaspace       used 34696K, capacity 35284K, committed 35496K, reserved 1079296K
  class space    used 4664K, capacity 4863K, committed 4864K, reserved 1048576K
Event: 4.619 GC heap after
Heap after GC invocations=7 (full 1):
 PSYoungGen      total 174080K, used 13478K [0x000000076af80000, 0x0000000779380000, 0x00000007c0000000)
  eden space 158720K, 0% used [0x000000076af80000,0x000000076af80000,0x0000000774a80000)
  from space 15360K, 87% used [0x0000000775b00000,0x00000007768298a8,0x0000000776a00000)
  to   space 16896K, 0% used [0x0000000774a80000,0x0000000774a80000,0x0000000775b00000)
 ParOldGen       total 101888K, used 9482K [0x00000006c0e00000, 0x00000006c7180000, 0x000000076af80000)
  object space 101888K, 9% used [0x00000006c0e00000,0x00000006c1742b18,0x00000006c7180000)
 Metaspace       used 34696K, capacity 35284K, committed 35496K, reserved 1079296K
  class space    used 4664K, capacity 4863K, committed 4864K, reserved 1048576K
}
Event: 4.619 GC heap before
{Heap before GC invocations=8 (full 2):
 PSYoungGen      total 174080K, used 13478K [0x000000076af80000, 0x0000000779380000, 0x00000007c0000000)
  eden space 158720K, 0% used [0x000000076af80000,0x000000076af80000,0x0000000774a80000)
  from space 15360K, 87% used [0x0000000775b00000,0x00000007768298a8,0x0000000776a00000)
  to   space 16896K, 0% used [0x0000000774a80000,0x0000000774a80000,0x0000000775b00000)
 ParOldGen       total 101888K, used 9482K [0x00000006c0e00000, 0x00000006c7180000, 0x000000076af80000)
  object space 101888K, 9% used [0x00000006c0e00000,0x00000006c1742b18,0x00000006c7180000)
 Metaspace       used 34696K, capacity 35284K, committed 35496K, reserved 1079296K
  class space    used 4664K, capacity 4863K, committed 4864K, reserved 1048576K
Event: 4.683 GC heap after
Heap after GC invocations=8 (full 2):
 PSYoungGen      total 174080K, used 0K [0x000000076af80000, 0x0000000779380000, 0x00000007c0000000)
  eden space 158720K, 0% used [0x000000076af80000,0x000000076af80000,0x0000000774a80000)
  from space 15360K, 0% used [0x0000000775b00000,0x0000000775b00000,0x0000000776a00000)
  to   space 16896K, 0% used [0x0000000774a80000,0x0000000774a80000,0x0000000775b00000)
 ParOldGen       total 159744K, used 20759K [0x00000006c0e00000, 0x00000006caa00000, 0x000000076af80000)
  object space 159744K, 12% used [0x00000006c0e00000,0x00000006c2245f98,0x00000006caa00000)
 Metaspace       used 34696K, capacity 35284K, committed 35496K, reserved 1079296K
  class space    used 4664K, capacity 4863K, committed 4864K, reserved 1048576K
}
Event: 6.532 GC heap before
{Heap before GC invocations=9 (full 2):
 PSYoungGen      total 174080K, used 158720K [0x000000076af80000, 0x0000000779380000, 0x00000007c0000000)
  eden space 158720K, 100% used [0x000000076af80000,0x0000000774a80000,0x0000000774a80000)
  from space 15360K, 0% used [0x0000000775b00000,0x0000000775b00000,0x0000000776a00000)
  to   space 16896K, 0% used [0x0000000774a80000,0x0000000774a80000,0x0000000775b00000)
 ParOldGen       total 159744K, used 20759K [0x00000006c0e00000, 0x00000006caa00000, 0x000000076af80000)
  object space 159744K, 12% used [0x00000006c0e00000,0x00000006c2245f98,0x00000006caa00000)
 Metaspace       used 45140K, capacity 46172K, committed 46336K, reserved 1089536K
  class space    used 6020K, capacity 6316K, committed 6400K, reserved 1048576K
Event: 6.546 GC heap after
Heap after GC invocations=9 (full 2):
 PSYoungGen      total 175616K, used 12674K [0x000000076af80000, 0x000000077b280000, 0x00000007c0000000)
  eden space 158720K, 0% used [0x000000076af80000,0x000000076af80000,0x0000000774a80000)
  from space 16896K, 75% used [0x0000000774a80000,0x00000007756e0ab8,0x0000000775b00000)
  to   space 17408K, 0% used [0x000000077a180000,0x000000077a180000,0x000000077b280000)
 ParOldGen       total 159744K, used 20839K [0x00000006c0e00000, 0x00000006caa00000, 0x000000076af80000)
  object space 159744K, 13% used [0x00000006c0e00000,0x00000006c2259fc0,0x00000006caa00000)
 Metaspace       used 45140K, capacity 46172K, committed 46336K, reserved 1089536K
  class space    used 6020K, capacity 6316K, committed 6400K, reserved 1048576K
}
Event: 8.576 GC heap before
{Heap before GC invocations=10 (full 2):
 PSYoungGen      total 175616K, used 171394K [0x000000076af80000, 0x000000077b280000, 0x00000007c0000000)
  eden space 158720K, 100% used [0x000000076af80000,0x0000000774a80000,0x0000000774a80000)
  from space 16896K, 75% used [0x0000000774a80000,0x00000007756e0ab8,0x0000000775b00000)
  to   space 17408K, 0% used [0x000000077a180000,0x000000077a180000,0x000000077b280000)
 ParOldGen       total 159744K, used 20839K [0x00000006c0e00000, 0x00000006caa00000, 0x000000076af80000)
  object space 159744K, 13% used [0x00000006c0e00000,0x00000006c2259fc0,0x00000006caa00000)
 Metaspace       used 49151K, capacity 50542K, committed 50688K, reserved 1093632K
  class space    used 6540K, capacity 6871K, committed 6912K, reserved 1048576K
Event: 8.589 GC heap after
Heap after GC invocations=10 (full 2):
 PSYoungGen      total 241152K, used 17378K [0x000000076af80000, 0x000000077b280000, 0x00000007c0000000)
  eden space 223744K, 0% used [0x000000076af80000,0x000000076af80000,0x0000000778a00000)
  from space 17408K, 99% used [0x000000077a180000,0x000000077b278af8,0x000000077b280000)
  to   space 19968K, 0% used [0x0000000778b80000,0x0000000778b80000,0x0000000779f00000)
 ParOldGen       total 159744K, used 22613K [0x00000006c0e00000, 0x00000006caa00000, 0x000000076af80000)
  object space 159744K, 14% used [0x00000006c0e00000,0x00000006c24155b8,0x00000006caa00000)
 Metaspace       used 49151K, capacity 50542K, committed 50688K, reserved 1093632K
  class space    used 6540K, capacity 6871K, committed 6912K, reserved 1048576K
}

Deoptimization events (10 events):
Event: 9.021 Thread 0x000000002826c000 Uncommon trap: reason=class_check action=maybe_recompile pc=0x000000000602a6ac method=java.lang.AbstractStringBuilder.append(Ljava/lang/CharSequence;)Ljava/lang/AbstractStringBuilder; @ 26
Event: 9.021 Thread 0x000000002826c000 Uncommon trap: reason=class_check action=maybe_recompile pc=0x0000000005e57e90 method=java.lang.AbstractStringBuilder.append(Ljava/lang/CharSequence;II)Ljava/lang/AbstractStringBuilder; @ 18
Event: 9.036 Thread 0x000000002826c000 Uncommon trap: reason=bimorphic action=maybe_recompile pc=0x0000000005ac490c method=java.util.HashMap.removeNode(ILjava/lang/Object;Ljava/lang/Object;ZZ)Ljava/util/HashMap$Node; @ 68
Event: 9.074 Thread 0x00000000227ca800 Uncommon trap: reason=unstable_if action=reinterpret pc=0x00000000057e8de4 method=java.lang.AbstractStringBuilder.append(I)Ljava/lang/AbstractStringBuilder; @ 16
Event: 10.806 Thread 0x00000000050f2800 Uncommon trap: reason=unstable_if action=reinterpret pc=0x000000000597d910 method=com.android.ddmlib.AdbHelper.executeRemoteCommand(Ljava/net/InetSocketAddress;Lcom/android/ddmlib/AdbHelper$AdbService;Ljava/lang/String;Lcom/android/ddmlib/IDevice;Lcom/and
Event: 13.036 Thread 0x00000000050f2800 Uncommon trap: reason=unstable_if action=reinterpret pc=0x0000000005f1efd0 method=org.gradle.cache.internal.btree.BlockPointer.isNull()Z @ 6
Event: 13.036 Thread 0x00000000050f2800 Uncommon trap: reason=predicate action=maybe_recompile pc=0x000000000685b210 method=java.util.Collections.indexedBinarySearch(Ljava/util/List;Ljava/lang/Object;)I @ 16
Event: 13.036 Thread 0x00000000050f2800 Uncommon trap: reason=bimorphic action=maybe_recompile pc=0x00000000057f3de8 method=java.io.DataOutputStream.writeByte(I)V @ 5
Event: 13.036 Thread 0x00000000050f2800 Uncommon trap: reason=bimorphic action=maybe_recompile pc=0x00000000057f3de8 method=java.io.DataOutputStream.writeByte(I)V @ 5
Event: 13.158 Thread 0x00000000050f2800 Uncommon trap: reason=bimorphic action=maybe_recompile pc=0x0000000005ac490c method=java.util.HashMap.removeNode(ILjava/lang/Object;Ljava/lang/Object;ZZ)Ljava/util/HashMap$Node; @ 68

Classes redefined (0 events):
No events

Internal exceptions (10 events):
Event: 7.274 Thread 0x00000000050f2800 Exception <a 'java/lang/ClassNotFoundException': react_1gefi6l1jr106jyhz2kz8fwzc$_run_closure1$_closure4$_closure5Customizer> (0x0000000770177990) thrown at [D:\src\AOSP-openjdk-cygwin\jdk8u\hotspot\src\share\vm\classfile\systemDictionary.cpp, line 210]
Event: 7.276 Thread 0x00000000050f2800 Exception <a 'java/lang/ClassNotFoundException': org/gradle/api/internal/tasks/DefaultTaskInputsBeanInfo> (0x00000007701bc580) thrown at [D:\src\AOSP-openjdk-cygwin\jdk8u\hotspot\src\share\vm\classfile\systemDictionary.cpp, line 210]
Event: 7.276 Thread 0x00000000050f2800 Exception <a 'java/lang/ClassNotFoundException': org/gradle/api/internal/tasks/DefaultTaskInputsCustomizer> (0x00000007701ccc88) thrown at [D:\src\AOSP-openjdk-cygwin\jdk8u\hotspot\src\share\vm\classfile\systemDictionary.cpp, line 210]
Event: 7.278 Thread 0x00000000050f2800 Exception <a 'java/lang/ClassNotFoundException': org/gradle/api/internal/tasks/DefaultTaskOutputsBeanInfo> (0x000000077020bd28) thrown at [D:\src\AOSP-openjdk-cygwin\jdk8u\hotspot\src\share\vm\classfile\systemDictionary.cpp, line 210]
Event: 7.278 Thread 0x00000000050f2800 Exception <a 'java/lang/ClassNotFoundException': org/gradle/api/internal/tasks/DefaultTaskOutputsCustomizer> (0x000000077021c438) thrown at [D:\src\AOSP-openjdk-cygwin\jdk8u\hotspot\src\share\vm\classfile\systemDictionary.cpp, line 210]
Event: 7.280 Thread 0x00000000050f2800 Exception <a 'java/lang/ClassNotFoundException': org/apache/tools/ant/taskdefs/condition/OsBeanInfo> (0x0000000770258fd8) thrown at [D:\src\AOSP-openjdk-cygwin\jdk8u\hotspot\src\share\vm\classfile\systemDictionary.cpp, line 210]
Event: 7.281 Thread 0x00000000050f2800 Exception <a 'java/lang/ClassNotFoundException': org/apache/tools/ant/taskdefs/condition/OsCustomizer> (0x0000000770263160) thrown at [D:\src\AOSP-openjdk-cygwin\jdk8u\hotspot\src\share\vm\classfile\systemDictionary.cpp, line 210]
Event: 7.645 Thread 0x00000000050f2800 Implicit null exception at 0x00000000063f6ecf to 0x00000000063f6f3d
Event: 7.658 Thread 0x00000000050f2800 Implicit null exception at 0x000000000563afb9 to 0x000000000563b231
Event: 9.008 Thread 0x000000002826c000 Implicit null exception at 0x0000000005d90b99 to 0x0000000005d91301

Events (10 events):
Event: 13.153 loading class org/apache/tools/ant/UnsupportedElementException done
Event: 13.153 loading class org/apache/tools/ant/IntrospectionHelper$1
Event: 13.153 loading class org/apache/tools/ant/IntrospectionHelper$1 done
Event: 13.154 loading class org/apache/tools/ant/IntrospectionHelper$12
Event: 13.154 loading class org/apache/tools/ant/IntrospectionHelper$12 done
Event: 13.155 loading class org/gradle/cache/internal/DefaultMultiProcessSafePersistentIndexedCache$4
Event: 13.155 loading class org/gradle/cache/internal/DefaultMultiProcessSafePersistentIndexedCache$4 done
Event: 13.158 Thread 0x00000000050f2800 Uncommon trap: trap_request=0xffffffc6 fr.pc=0x0000000005ac490c
Event: 13.158 Thread 0x00000000050f2800 DEOPT PACKING pc=0x0000000005ac490c sp=0x0000000004ffcbf0
Event: 13.158 Thread 0x00000000050f2800 DEOPT UNPACKING pc=0x000000000523556a sp=0x0000000004ffcb50 mode 2


Dynamic libraries:
0x00007ff77a730000 - 0x00007ff77a761000 	C:\Program Files\Android\Android Studio\jre\bin\java.exe
0x00007ffbd9710000 - 0x00007ffbd98f0000 	C:\WINDOWS\SYSTEM32\ntdll.dll
0x00007ffbd7490000 - 0x00007ffbd753e000 	C:\WINDOWS\System32\KERNEL32.DLL
0x00007ffbd6820000 - 0x00007ffbd6a86000 	C:\WINDOWS\System32\KERNELBASE.dll
0x00007ffbd73d0000 - 0x00007ffbd7471000 	C:\WINDOWS\System32\ADVAPI32.dll
0x00007ffbd6bf0000 - 0x00007ffbd6c8d000 	C:\WINDOWS\System32\msvcrt.dll
0x00007ffbd92f0000 - 0x00007ffbd934b000 	C:\WINDOWS\System32\sechost.dll
0x00007ffbd70b0000 - 0x00007ffbd71cf000 	C:\WINDOWS\System32\RPCRT4.dll
0x00007ffbd7b30000 - 0x00007ffbd7cbf000 	C:\WINDOWS\System32\USER32.dll
0x00007ffbd6460000 - 0x00007ffbd6480000 	C:\WINDOWS\System32\win32u.dll
0x00007ffbd7990000 - 0x00007ffbd79b8000 	C:\WINDOWS\System32\GDI32.dll
0x00007ffbd5b70000 - 0x00007ffbd5d03000 	C:\WINDOWS\System32\gdi32full.dll
0x00007ffbd6b40000 - 0x00007ffbd6bdb000 	C:\WINDOWS\System32\msvcp_win.dll
0x00007ffbd6650000 - 0x00007ffbd6746000 	C:\WINDOWS\System32\ucrtbase.dll
0x00007ffbcb770000 - 0x00007ffbcb9d9000 	C:\WINDOWS\WinSxS\amd64_microsoft.windows.common-controls_6595b64144ccf1df_6.0.16299.371_none_15c7d1789365a290\COMCTL32.dll
0x00007ffbd93d0000 - 0x00007ffbd96d8000 	C:\WINDOWS\System32\combase.dll
0x00007ffbd6750000 - 0x00007ffbd67c2000 	C:\WINDOWS\System32\bcryptPrimitives.dll
0x00007ffbd7010000 - 0x00007ffbd703d000 	C:\WINDOWS\System32\IMM32.DLL
0x0000000057de0000 - 0x0000000057eb2000 	C:\Program Files\Android\Android Studio\jre\jre\bin\msvcr100.dll
0x00000000575a0000 - 0x0000000057dde000 	C:\Program Files\Android\Android Studio\jre\jre\bin\server\jvm.dll
0x00007ffbd6be0000 - 0x00007ffbd6be8000 	C:\WINDOWS\System32\PSAPI.DLL
0x00007ffbcf1c0000 - 0x00007ffbcf1ca000 	C:\WINDOWS\SYSTEM32\VERSION.dll
0x00007ffbd1af0000 - 0x00007ffbd1af9000 	C:\WINDOWS\SYSTEM32\WSOCK32.dll
0x00007ffbd2440000 - 0x00007ffbd2463000 	C:\WINDOWS\SYSTEM32\WINMM.dll
0x00007ffbd7040000 - 0x00007ffbd70ac000 	C:\WINDOWS\System32\WS2_32.dll
0x00007ffbd23f0000 - 0x00007ffbd241a000 	C:\WINDOWS\SYSTEM32\WINMMBASE.dll
0x00007ffbd67d0000 - 0x00007ffbd681a000 	C:\WINDOWS\System32\cfgmgr32.dll
0x00007ffbd1280000 - 0x00007ffbd128f000 	C:\Program Files\Android\Android Studio\jre\jre\bin\verify.dll
0x00007ffbcf2a0000 - 0x00007ffbcf2c9000 	C:\Program Files\Android\Android Studio\jre\jre\bin\java.dll
0x00007ffbd1150000 - 0x00007ffbd1166000 	C:\Program Files\Android\Android Studio\jre\jre\bin\zip.dll
0x00007ffbd7eb0000 - 0x00007ffbd92e6000 	C:\WINDOWS\System32\SHELL32.dll
0x00007ffbd6cf0000 - 0x00007ffbd6d96000 	C:\WINDOWS\System32\shcore.dll
0x00007ffbd5d10000 - 0x00007ffbd6457000 	C:\WINDOWS\System32\windows.storage.dll
0x00007ffbd6c90000 - 0x00007ffbd6ce1000 	C:\WINDOWS\System32\shlwapi.dll
0x00007ffbd5af0000 - 0x00007ffbd5b01000 	C:\WINDOWS\System32\kernel.appcore.dll
0x00007ffbd5aa0000 - 0x00007ffbd5aec000 	C:\WINDOWS\System32\powrprof.dll
0x00007ffbd5a80000 - 0x00007ffbd5a9b000 	C:\WINDOWS\System32\profapi.dll
0x00007ffbcaf70000 - 0x00007ffbcaf8a000 	C:\Program Files\Android\Android Studio\jre\jre\bin\net.dll
0x00007ffbd52f0000 - 0x00007ffbd5356000 	C:\WINDOWS\system32\mswsock.dll
0x00007ffbcae40000 - 0x00007ffbcae51000 	C:\Program Files\Android\Android Studio\jre\jre\bin\nio.dll
0x00007ffbb4fc0000 - 0x00007ffbb4fd2000 	C:\Users\sergi\.gradle\native\19\windows-amd64\native-platform.dll
0x00007ffbd54b0000 - 0x00007ffbd54c7000 	C:\WINDOWS\SYSTEM32\CRYPTSP.dll
0x00007ffbd4ef0000 - 0x00007ffbd4f23000 	C:\WINDOWS\system32\rsaenh.dll
0x00007ffbd55c0000 - 0x00007ffbd55e5000 	C:\WINDOWS\SYSTEM32\bcrypt.dll
0x00007ffbd5990000 - 0x00007ffbd59b9000 	C:\WINDOWS\SYSTEM32\USERENV.dll
0x00007ffbd54d0000 - 0x00007ffbd54db000 	C:\WINDOWS\SYSTEM32\CRYPTBASE.dll
0x00007ffbd5080000 - 0x00007ffbd50b9000 	C:\WINDOWS\SYSTEM32\IPHLPAPI.DLL
0x00007ffbd7480000 - 0x00007ffbd7488000 	C:\WINDOWS\System32\NSI.dll
0x00007ffbcfa90000 - 0x00007ffbcfaa6000 	C:\WINDOWS\SYSTEM32\dhcpcsvc6.DLL
0x00007ffbcf990000 - 0x00007ffbcf9aa000 	C:\WINDOWS\SYSTEM32\dhcpcsvc.DLL
0x00007ffbd2a90000 - 0x00007ffbd2a9d000 	C:\Program Files\Android\Android Studio\jre\jre\bin\management.dll

VM Arguments:
jvm_args: -Dorg.gradle.appname=gradlew 
java_command: org.gradle.wrapper.GradleWrapperMain installDebug
java_class_path (initial): d:\P\JavaScript\React-native\telegramAdmin\android\\gradle\wrapper\gradle-wrapper.jar
Launcher Type: SUN_STANDARD

Environment Variables:
JAVA_HOME=C:\Program Files\Android\Android Studio\jre
CLASSPATH=d:\P\JavaScript\React-native\telegramAdmin\android\\gradle\wrapper\gradle-wrapper.jar
PATH=C:\Program Files\Docker\Docker\Resources\bin;C:\WINDOWS\system32;C:\WINDOWS;C:\WINDOWS\System32\Wbem;C:\WINDOWS\System32\WindowsPowerShell\v1.0\;C:\Program Files\Git\cmd;C:\Program Files (x86)\Skype\Phone\;C:\Program Files\MySQL\MySQL Utilities 1.6\;C:\Program Files\nodejs\;C:\Program Files\PuTTY\;C:\Program Files\dotnet\;C:\Program Files\Microsoft SQL Server\130\Tools\Binn\;C:\Users\sergi\AppData\Local\Microsoft\WindowsApps;C:\Users\sergi\AppData\Local\GitHubDesktop\bin;C:\Users\sergi\AppData\Roaming\npm;C:\Users\sergi\AppData\Local\Microsoft\WindowsApps;C:\Program Files (x86)\Heroku\bin;C:\Program Files\Heroku\bin;C:\Program Files (x86)\Microsoft VS Code\bin;C:\Users\sergi\AppData\Local\Android\Sdk\platform-tools;
USERNAME=sergi
OS=Windows_NT
PROCESSOR_IDENTIFIER=Intel64 Family 6 Model 60 Stepping 3, GenuineIntel



---------------  S Y S T E M  ---------------

OS: Windows 10.0 , 64 bit Build 16299 (10.0.16299.15)

CPU:total 8 (initial active 8) (4 cores per cpu, 2 threads per core) family 6 model 60 stepping 3, cmov, cx8, fxsr, mmx, sse, sse2, sse3, ssse3, sse4.1, sse4.2, popcnt, avx, avx2, aes, clmul, erms, lzcnt, ht, tsc, tscinvbit, bmi1, bmi2

Memory: 4k page, physical 16713540k(4955400k free), swap 19406564k(2124k free)

vm_info: OpenJDK 64-Bit Server VM (25.152-b01) for windows-amd64 JRE (1.8.0_152-release-915-b01), built by "builder" with MS VC++ 10.0 (VS2010)

time: Fri Apr 13 18:20:52 2018
elapsed time: 13 seconds (0d 0h 0m 13s)

