#
# There is insufficient memory for the Java Runtime Environment to continue.
# Native memory allocation (malloc) failed to allocate 1046336 bytes for Chunk::new
# Possible reasons:
#   The system is out of physical RAM or swap space
#   In 32 bit mode, the process size limit was hit
# Possible solutions:
#   Reduce memory load on the system
#   Increase physical memory or swap space
#   Check if swap backing store is full
#   Use 64 bit Java on a 64 bit OS
#   Decrease Java heap size (-Xmx/-Xms)
#   Decrease number of Java threads
#   Decrease Java thread stack sizes (-Xss)
#   Set larger code cache with -XX:ReservedCodeCacheSize=
# This output file may be truncated or incomplete.
#
#  Out of Memory Error (allocation.cpp:390), pid=31988, tid=0x0000000000004470
#
# JRE version: OpenJDK Runtime Environment (8.0_152-b01) (build 1.8.0_152-release-915-b01)
# Java VM: OpenJDK 64-Bit Server VM (25.152-b01 mixed mode windows-amd64 compressed oops)
# Failed to write core dump. Minidumps are not enabled by default on client versions of Windows
#

---------------  T H R E A D  ---------------

Current thread (0x000000001ff93800):  JavaThread "C2 CompilerThread1" daemon [_thread_in_native, id=17520, stack(0x0000000020950000,0x0000000020a50000)]

Stack: [0x0000000020950000,0x0000000020a50000]
[error occurred during error reporting (printing stack bounds), id 0xc0000005]

Native frames: (J=compiled Java code, j=interpreted, Vv=VM code, C=native code)


Current CompileTask:
C2:   4634 3446       4       com.sun.beans.TypeResolver::resolve (37 bytes)


---------------  P R O C E S S  ---------------

Java Threads: ( => current thread )
  0x0000000026916800 JavaThread "File lock request listener" [_thread_in_native, id=35768, stack(0x0000000024100000,0x0000000024200000)]
  0x0000000020032000 JavaThread "Service Thread" daemon [_thread_blocked, id=14052, stack(0x0000000020c50000,0x0000000020d50000)]
  0x000000001ffa8800 JavaThread "C1 CompilerThread3" daemon [_thread_blocked, id=52552, stack(0x0000000020b50000,0x0000000020c50000)]
  0x000000001ff95800 JavaThread "C2 CompilerThread2" daemon [_thread_in_native, id=20564, stack(0x0000000020a50000,0x0000000020b50000)]
=>0x000000001ff93800 JavaThread "C2 CompilerThread1" daemon [_thread_in_native, id=17520, stack(0x0000000020950000,0x0000000020a50000)]
  0x000000001ff90800 JavaThread "C2 CompilerThread0" daemon [_thread_in_native, id=25444, stack(0x0000000020850000,0x0000000020950000)]
  0x000000001ff8e000 JavaThread "Attach Listener" daemon [_thread_blocked, id=27764, stack(0x0000000020750000,0x0000000020850000)]
  0x000000001ff8d000 JavaThread "Signal Dispatcher" daemon [_thread_blocked, id=54332, stack(0x0000000020650000,0x0000000020750000)]
  0x000000001e081000 JavaThread "Finalizer" daemon [_thread_blocked, id=52080, stack(0x0000000020360000,0x0000000020460000)]
  0x00000000045d8000 JavaThread "Reference Handler" daemon [_thread_blocked, id=29240, stack(0x000000001fe60000,0x000000001ff60000)]
  0x00000000044e2800 JavaThread "main" [_thread_in_Java, id=19980, stack(0x0000000004370000,0x0000000004470000)]

Other Threads:
  0x000000001e076800 VMThread [stack: 0x000000001fd60000,0x000000001fe60000] [id=60376]
  0x0000000020033000 WatcherThread [stack: 0x0000000020d50000,0x0000000020e50000] [id=31044]

VM state:not at safepoint (normal execution)

VM Mutex/Monitor currently owned by a thread: None

Heap:
 PSYoungGen      total 156672K, used 8780K [0x000000076af80000, 0x0000000778b80000, 0x00000007c0000000)
  eden space 141824K, 6% used [0x000000076af80000,0x000000076b813330,0x0000000773a00000)
  from space 14848K, 0% used [0x0000000774a00000,0x0000000774a00000,0x0000000775880000)
  to   space 16384K, 0% used [0x0000000773a00000,0x0000000773a00000,0x0000000774a00000)
 ParOldGen       total 169472K, used 20954K [0x00000006c0e00000, 0x00000006cb380000, 0x000000076af80000)
  object space 169472K, 12% used [0x00000006c0e00000,0x00000006c2276be8,0x00000006cb380000)
 Metaspace       used 36339K, capacity 36986K, committed 37504K, reserved 1081344K
  class space    used 4922K, capacity 5138K, committed 5248K, reserved 1048576K

Card table byte_map: [0x00000000139a0000,0x00000000141a0000] byte_map_base: 0x0000000010399000

Marking Bits: (ParMarkBitMap*) 0x0000000057d63950
 Begin Bits: [0x0000000014f00000, 0x0000000018ec8000)
 End Bits:   [0x0000000018ec8000, 0x000000001ce90000)

Polling page: 0x00000000001e0000

CodeCache: size=245760Kb used=13280Kb max_used=13280Kb free=232479Kb
 bounds [0x00000000045e0000, 0x00000000052f0000, 0x00000000135e0000]
 total_blobs=4278 nmethods=3608 adapters=583
 compilation: enabled

Compilation events (10 events):
Event: 4.621 Thread 0x000000001ffa8800 3604       3       java.lang.reflect.AccessibleObject::isAnnotationPresent (6 bytes)
Event: 4.621 Thread 0x000000001ffa8800 nmethod 3604 0x00000000052d4790 code [0x00000000052d4900, 0x00000000052d4bc8]
Event: 4.622 Thread 0x000000001ffa8800 3605       3       sun.reflect.generics.parser.SignatureParser::parseZeroOrMoreTypeSignatures (174 bytes)
Event: 4.623 Thread 0x000000001ffa8800 nmethod 3605 0x00000000052d4c90 code [0x00000000052d4ec0, 0x00000000052d5b98]
Event: 4.623 Thread 0x000000001ffa8800 3607       3       sun.reflect.generics.parser.SignatureParser::parseTypeArguments (109 bytes)
Event: 4.623 Thread 0x000000001ffa8800 nmethod 3607 0x00000000052d6110 code [0x00000000052d63a0, 0x00000000052d7428]
Event: 4.623 Thread 0x000000001ffa8800 3606       3       sun.reflect.generics.parser.SignatureParser::parseZeroOrMoreThrowsSignatures (51 bytes)
Event: 4.624 Thread 0x000000001ffa8800 nmethod 3606 0x00000000052d7b90 code [0x00000000052d7d80, 0x00000000052d8808]
Event: 4.624 Thread 0x000000001ffa8800 3608       3       java.lang.Class::getDeclaredFields (18 bytes)
Event: 4.624 Thread 0x000000001ffa8800 nmethod 3608 0x00000000052d8c10 code [0x00000000052d8da0, 0x00000000052d8fd8]

GC Heap History (10 events):
Event: 2.274 GC heap before
{Heap before GC invocations=4 (full 1):
 PSYoungGen      total 76288K, used 8326K [0x000000076af80000, 0x0000000774480000, 0x00000007c0000000)
  eden space 65536K, 0% used [0x000000076af80000,0x000000076af80000,0x000000076ef80000)
  from space 10752K, 77% used [0x000000076ef80000,0x000000076f7a1940,0x000000076fa00000)
  to   space 10752K, 0% used [0x0000000773a00000,0x0000000773a00000,0x0000000774480000)
 ParOldGen       total 175104K, used 2039K [0x00000006c0e00000, 0x00000006cb900000, 0x000000076af80000)
  object space 175104K, 1% used [0x00000006c0e00000,0x00000006c0ffdea0,0x00000006cb900000)
 Metaspace       used 20936K, capacity 21132K, committed 21296K, reserved 1067008K
  class space    used 2803K, capacity 2901K, committed 2944K, reserved 1048576K
Event: 2.318 GC heap after
Heap after GC invocations=4 (full 1):
 PSYoungGen      total 76288K, used 0K [0x000000076af80000, 0x0000000774480000, 0x00000007c0000000)
  eden space 65536K, 0% used [0x000000076af80000,0x000000076af80000,0x000000076ef80000)
  from space 10752K, 0% used [0x000000076ef80000,0x000000076ef80000,0x000000076fa00000)
  to   space 10752K, 0% used [0x0000000773a00000,0x0000000773a00000,0x0000000774480000)
 ParOldGen       total 106496K, used 8211K [0x00000006c0e00000, 0x00000006c7600000, 0x000000076af80000)
  object space 106496K, 7% used [0x00000006c0e00000,0x00000006c1604ec8,0x00000006c7600000)
 Metaspace       used 20936K, capacity 21132K, committed 21296K, reserved 1067008K
  class space    used 2803K, capacity 2901K, committed 2944K, reserved 1048576K
}
Event: 2.994 GC heap before
{Heap before GC invocations=5 (full 1):
 PSYoungGen      total 76288K, used 65536K [0x000000076af80000, 0x0000000774480000, 0x00000007c0000000)
  eden space 65536K, 100% used [0x000000076af80000,0x000000076ef80000,0x000000076ef80000)
  from space 10752K, 0% used [0x000000076ef80000,0x000000076ef80000,0x000000076fa00000)
  to   space 10752K, 0% used [0x0000000773a00000,0x0000000773a00000,0x0000000774480000)
 ParOldGen       total 106496K, used 8211K [0x00000006c0e00000, 0x00000006c7600000, 0x000000076af80000)
  object space 106496K, 7% used [0x00000006c0e00000,0x00000006c1604ec8,0x00000006c7600000)
 Metaspace       used 26108K, capacity 26594K, committed 27008K, reserved 1073152K
  class space    used 3541K, capacity 3697K, committed 3712K, reserved 1048576K
Event: 2.999 GC heap after
Heap after GC invocations=5 (full 1):
 PSYoungGen      total 104448K, used 6067K [0x000000076af80000, 0x0000000774000000, 0x00000007c0000000)
  eden space 98304K, 0% used [0x000000076af80000,0x000000076af80000,0x0000000770f80000)
  from space 6144K, 98% used [0x0000000773a00000,0x0000000773fecca8,0x0000000774000000)
  to   space 10752K, 0% used [0x0000000772b00000,0x0000000772b00000,0x0000000773580000)
 ParOldGen       total 106496K, used 8283K [0x00000006c0e00000, 0x00000006c7600000, 0x000000076af80000)
  object space 106496K, 7% used [0x00000006c0e00000,0x00000006c1616ed8,0x00000006c7600000)
 Metaspace       used 26108K, capacity 26594K, committed 27008K, reserved 1073152K
  class space    used 3541K, capacity 3697K, committed 3712K, reserved 1048576K
}
Event: 3.975 GC heap before
{Heap before GC invocations=6 (full 1):
 PSYoungGen      total 104448K, used 104371K [0x000000076af80000, 0x0000000774000000, 0x00000007c0000000)
  eden space 98304K, 100% used [0x000000076af80000,0x0000000770f80000,0x0000000770f80000)
  from space 6144K, 98% used [0x0000000773a00000,0x0000000773fecca8,0x0000000774000000)
  to   space 10752K, 0% used [0x0000000772b00000,0x0000000772b00000,0x0000000773580000)
 ParOldGen       total 106496K, used 8283K [0x00000006c0e00000, 0x00000006c7600000, 0x000000076af80000)
  object space 106496K, 7% used [0x00000006c0e00000,0x00000006c1616ed8,0x00000006c7600000)
 Metaspace       used 32466K, capacity 33022K, committed 33536K, reserved 1079296K
  class space    used 4348K, capacity 4514K, committed 4608K, reserved 1048576K
Event: 3.982 GC heap after
Heap after GC invocations=6 (full 1):
 PSYoungGen      total 137216K, used 10742K [0x000000076af80000, 0x0000000775880000, 0x00000007c0000000)
  eden space 126464K, 0% used [0x000000076af80000,0x000000076af80000,0x0000000772b00000)
  from space 10752K, 99% used [0x0000000772b00000,0x000000077357d9d0,0x0000000773580000)
  to   space 14848K, 0% used [0x0000000774a00000,0x0000000774a00000,0x0000000775880000)
 ParOldGen       total 106496K, used 8797K [0x00000006c0e00000, 0x00000006c7600000, 0x000000076af80000)
  object space 106496K, 8% used [0x00000006c0e00000,0x00000006c16974d0,0x00000006c7600000)
 Metaspace       used 32466K, capacity 33022K, committed 33536K, reserved 1079296K
  class space    used 4348K, capacity 4514K, committed 4608K, reserved 1048576K
}
Event: 4.366 GC heap before
{Heap before GC invocations=7 (full 1):
 PSYoungGen      total 137216K, used 68690K [0x000000076af80000, 0x0000000775880000, 0x00000007c0000000)
  eden space 126464K, 45% used [0x000000076af80000,0x000000076e816ff0,0x0000000772b00000)
  from space 10752K, 99% used [0x0000000772b00000,0x000000077357d9d0,0x0000000773580000)
  to   space 14848K, 0% used [0x0000000774a00000,0x0000000774a00000,0x0000000775880000)
 ParOldGen       total 106496K, used 8797K [0x00000006c0e00000, 0x00000006c7600000, 0x000000076af80000)
  object space 106496K, 8% used [0x00000006c0e00000,0x00000006c16974d0,0x00000006c7600000)
 Metaspace       used 34712K, capacity 35284K, committed 35496K, reserved 1079296K
  class space    used 4659K, capacity 4863K, committed 4864K, reserved 1048576K
Event: 4.380 GC heap after
Heap after GC invocations=7 (full 1):
 PSYoungGen      total 156672K, used 13702K [0x000000076af80000, 0x0000000778b80000, 0x00000007c0000000)
  eden space 141824K, 0% used [0x000000076af80000,0x000000076af80000,0x0000000773a00000)
  from space 14848K, 92% used [0x0000000774a00000,0x0000000775761920,0x0000000775880000)
  to   space 16384K, 0% used [0x0000000773a00000,0x0000000773a00000,0x0000000774a00000)
 ParOldGen       total 106496K, used 8805K [0x00000006c0e00000, 0x00000006c7600000, 0x000000076af80000)
  object space 106496K, 8% used [0x00000006c0e00000,0x00000006c16994d0,0x00000006c7600000)
 Metaspace       used 34712K, capacity 35284K, committed 35496K, reserved 1079296K
  class space    used 4659K, capacity 4863K, committed 4864K, reserved 1048576K
}
Event: 4.380 GC heap before
{Heap before GC invocations=8 (full 2):
 PSYoungGen      total 156672K, used 13702K [0x000000076af80000, 0x0000000778b80000, 0x00000007c0000000)
  eden space 141824K, 0% used [0x000000076af80000,0x000000076af80000,0x0000000773a00000)
  from space 14848K, 92% used [0x0000000774a00000,0x0000000775761920,0x0000000775880000)
  to   space 16384K, 0% used [0x0000000773a00000,0x0000000773a00000,0x0000000774a00000)
 ParOldGen       total 106496K, used 8805K [0x00000006c0e00000, 0x00000006c7600000, 0x000000076af80000)
  object space 106496K, 8% used [0x00000006c0e00000,0x00000006c16994d0,0x00000006c7600000)
 Metaspace       used 34712K, capacity 35284K, committed 35496K, reserved 1079296K
  class space    used 4659K, capacity 4863K, committed 4864K, reserved 1048576K
Event: 4.438 GC heap after
Heap after GC invocations=8 (full 2):
 PSYoungGen      total 156672K, used 0K [0x000000076af80000, 0x0000000778b80000, 0x00000007c0000000)
  eden space 141824K, 0% used [0x000000076af80000,0x000000076af80000,0x0000000773a00000)
  from space 14848K, 0% used [0x0000000774a00000,0x0000000774a00000,0x0000000775880000)
  to   space 16384K, 0% used [0x0000000773a00000,0x0000000773a00000,0x0000000774a00000)
 ParOldGen       total 169472K, used 20954K [0x00000006c0e00000, 0x00000006cb380000, 0x000000076af80000)
  object space 169472K, 12% used [0x00000006c0e00000,0x00000006c2276be8,0x00000006cb380000)
 Metaspace       used 34712K, capacity 35284K, committed 35496K, reserved 1079296K
  class space    used 4659K, capacity 4863K, committed 4864K, reserved 1048576K
}

Deoptimization events (10 events):
Event: 4.028 Thread 0x00000000044e2800 Uncommon trap: reason=class_check action=maybe_recompile pc=0x0000000004ed0e34 method=java.security.MessageDigest$Delegate.engineUpdate([BII)V @ 7
Event: 4.028 Thread 0x00000000044e2800 Uncommon trap: reason=predicate action=maybe_recompile pc=0x0000000004ec9448 method=sun.security.provider.DigestBase.implCompressMultiBlock([BII)I @ 5
Event: 4.029 Thread 0x00000000044e2800 Uncommon trap: reason=class_check action=maybe_recompile pc=0x0000000004ec97a4 method=sun.security.provider.DigestBase.implCompressMultiBlock([BII)I @ 8
Event: 4.032 Thread 0x00000000044e2800 Uncommon trap: reason=unstable_if action=reinterpret pc=0x0000000004baed6c method=java.security.CodeSource.getCertificates()[Ljava/security/cert/Certificate; @ 22
Event: 4.045 Thread 0x00000000044e2800 Uncommon trap: reason=unstable_if action=reinterpret pc=0x0000000004d9ea14 method=java.util.LinkedHashMap.get(Ljava/lang/Object;)Ljava/lang/Object; @ 20
Event: 4.196 Thread 0x00000000044e2800 Uncommon trap: reason=unstable_if action=reinterpret pc=0x0000000004f0c138 method=java.util.WeakHashMap.put(Ljava/lang/Object;Ljava/lang/Object;)Ljava/lang/Object; @ 59
Event: 4.591 Thread 0x00000000044e2800 Uncommon trap: reason=class_check action=maybe_recompile pc=0x0000000004e99f58 method=java.util.AbstractList$Itr.hasNext()Z @ 8
Event: 4.592 Thread 0x00000000044e2800 Uncommon trap: reason=class_check action=maybe_recompile pc=0x0000000004e99f58 method=java.util.AbstractList$Itr.hasNext()Z @ 8
Event: 4.592 Thread 0x00000000044e2800 Uncommon trap: reason=class_check action=maybe_recompile pc=0x0000000004e99f58 method=java.util.AbstractList$Itr.hasNext()Z @ 8
Event: 4.592 Thread 0x00000000044e2800 Uncommon trap: reason=class_check action=maybe_recompile pc=0x0000000004e99f58 method=java.util.AbstractList$Itr.hasNext()Z @ 8

Classes redefined (0 events):
No events

Internal exceptions (10 events):
Event: 4.547 Thread 0x00000000044e2800 Exception <a 'sun/nio/fs/WindowsException'> (0x000000076b2f8898) thrown at [D:\src\AOSP-openjdk-cygwin\jdk8u\hotspot\src\share\vm\prims\jni.cpp, line 709]
Event: 4.547 Thread 0x00000000044e2800 Exception <a 'sun/nio/fs/WindowsException'> (0x000000076b2f9398) thrown at [D:\src\AOSP-openjdk-cygwin\jdk8u\hotspot\src\share\vm\prims\jni.cpp, line 709]
Event: 4.547 Thread 0x00000000044e2800 Exception <a 'sun/nio/fs/WindowsException'> (0x000000076b2fab10) thrown at [D:\src\AOSP-openjdk-cygwin\jdk8u\hotspot\src\share\vm\prims\jni.cpp, line 709]
Event: 4.547 Thread 0x00000000044e2800 Exception <a 'sun/nio/fs/WindowsException'> (0x000000076b2fb648) thrown at [D:\src\AOSP-openjdk-cygwin\jdk8u\hotspot\src\share\vm\prims\jni.cpp, line 709]
Event: 4.548 Thread 0x00000000044e2800 Exception <a 'sun/nio/fs/WindowsException'> (0x000000076b2fe2a8) thrown at [D:\src\AOSP-openjdk-cygwin\jdk8u\hotspot\src\share\vm\prims\jni.cpp, line 709]
Event: 4.548 Thread 0x00000000044e2800 Exception <a 'sun/nio/fs/WindowsException'> (0x000000076b2fee10) thrown at [D:\src\AOSP-openjdk-cygwin\jdk8u\hotspot\src\share\vm\prims\jni.cpp, line 709]
Event: 4.548 Thread 0x00000000044e2800 Exception <a 'sun/nio/fs/WindowsException'> (0x000000076b3005d8) thrown at [D:\src\AOSP-openjdk-cygwin\jdk8u\hotspot\src\share\vm\prims\jni.cpp, line 709]
Event: 4.548 Thread 0x00000000044e2800 Exception <a 'sun/nio/fs/WindowsException'> (0x000000076b301180) thrown at [D:\src\AOSP-openjdk-cygwin\jdk8u\hotspot\src\share\vm\prims\jni.cpp, line 709]
Event: 4.557 Thread 0x00000000044e2800 Exception <a 'java/lang/ClassNotFoundException': com/sun/org/glassfish/hk2/osgiresourcelocator/ServiceLoader> (0x000000076b358940) thrown at [D:\src\AOSP-openjdk-cygwin\jdk8u\hotspot\src\share\vm\classfile\systemDictionary.cpp, line 210]
Event: 4.563 Thread 0x00000000044e2800 Exception <a 'java/lang/NullPointerException'> (0x000000076b38eb28) thrown at [D:\src\AOSP-openjdk-cygwin\jdk8u\hotspot\src\share\vm\interpreter\linkResolver.cpp, line 1282]

Events (10 events):
Event: 4.619 loading class com/sun/xml/internal/bind/api/impl/NameUtil done
Event: 4.619 loading class com/sun/xml/internal/bind/api/impl/NameConverter$Standard done
Event: 4.619 loading class com/sun/xml/internal/bind/api/impl/NameConverter$1
Event: 4.619 loading class com/sun/xml/internal/bind/api/impl/NameConverter$1 done
Event: 4.619 loading class com/sun/xml/internal/bind/api/impl/NameConverter$2
Event: 4.619 loading class com/sun/xml/internal/bind/api/impl/NameConverter$2 done
Event: 4.619 loading class com/android/repository/impl/meta/package-info
Event: 4.619 loading class com/android/repository/impl/meta/package-info done
Event: 4.620 loading class java/lang/Package$1PackageInfoProxy
Event: 4.620 loading class java/lang/Package$1PackageInfoProxy done


Dynamic libraries:
0x00007ff77a730000 - 0x00007ff77a761000 	C:\Program Files\Android\Android Studio\jre\bin\java.exe
0x00007ffbd9710000 - 0x00007ffbd98f0000 	C:\WINDOWS\SYSTEM32\ntdll.dll
0x00007ffbd7490000 - 0x00007ffbd753e000 	C:\WINDOWS\System32\KERNEL32.DLL
0x00007ffbd6820000 - 0x00007ffbd6a86000 	C:\WINDOWS\System32\KERNELBASE.dll
0x00007ffbd73d0000 - 0x00007ffbd7471000 	C:\WINDOWS\System32\ADVAPI32.dll
0x00007ffbd6bf0000 - 0x00007ffbd6c8d000 	C:\WINDOWS\System32\msvcrt.dll
0x00007ffbd92f0000 - 0x00007ffbd934b000 	C:\WINDOWS\System32\sechost.dll
0x00007ffbd70b0000 - 0x00007ffbd71cf000 	C:\WINDOWS\System32\RPCRT4.dll
0x00007ffbd7b30000 - 0x00007ffbd7cbf000 	C:\WINDOWS\System32\USER32.dll
0x00007ffbd6460000 - 0x00007ffbd6480000 	C:\WINDOWS\System32\win32u.dll
0x00007ffbd7990000 - 0x00007ffbd79b8000 	C:\WINDOWS\System32\GDI32.dll
0x00007ffbd5b70000 - 0x00007ffbd5d03000 	C:\WINDOWS\System32\gdi32full.dll
0x00007ffbd6b40000 - 0x00007ffbd6bdb000 	C:\WINDOWS\System32\msvcp_win.dll
0x00007ffbd6650000 - 0x00007ffbd6746000 	C:\WINDOWS\System32\ucrtbase.dll
0x00007ffbcb770000 - 0x00007ffbcb9d9000 	C:\WINDOWS\WinSxS\amd64_microsoft.windows.common-controls_6595b64144ccf1df_6.0.16299.371_none_15c7d1789365a290\COMCTL32.dll
0x00007ffbd93d0000 - 0x00007ffbd96d8000 	C:\WINDOWS\System32\combase.dll
0x00007ffbd6750000 - 0x00007ffbd67c2000 	C:\WINDOWS\System32\bcryptPrimitives.dll
0x00007ffbd7010000 - 0x00007ffbd703d000 	C:\WINDOWS\System32\IMM32.DLL
0x0000000057de0000 - 0x0000000057eb2000 	C:\Program Files\Android\Android Studio\jre\jre\bin\msvcr100.dll
0x00000000575a0000 - 0x0000000057dde000 	C:\Program Files\Android\Android Studio\jre\jre\bin\server\jvm.dll
0x00007ffbd6be0000 - 0x00007ffbd6be8000 	C:\WINDOWS\System32\PSAPI.DLL
0x00007ffbd2440000 - 0x00007ffbd2463000 	C:\WINDOWS\SYSTEM32\WINMM.dll
0x00007ffbcf1c0000 - 0x00007ffbcf1ca000 	C:\WINDOWS\SYSTEM32\VERSION.dll
0x00007ffbd1af0000 - 0x00007ffbd1af9000 	C:\WINDOWS\SYSTEM32\WSOCK32.dll
0x00007ffbd7040000 - 0x00007ffbd70ac000 	C:\WINDOWS\System32\WS2_32.dll
0x00007ffbd23f0000 - 0x00007ffbd241a000 	C:\WINDOWS\SYSTEM32\winmmbase.dll
0x00007ffbd67d0000 - 0x00007ffbd681a000 	C:\WINDOWS\System32\cfgmgr32.dll
0x00007ffbd1280000 - 0x00007ffbd128f000 	C:\Program Files\Android\Android Studio\jre\jre\bin\verify.dll
0x00007ffbcf2a0000 - 0x00007ffbcf2c9000 	C:\Program Files\Android\Android Studio\jre\jre\bin\java.dll
0x00007ffbd1150000 - 0x00007ffbd1166000 	C:\Program Files\Android\Android Studio\jre\jre\bin\zip.dll
0x00007ffbd7eb0000 - 0x00007ffbd92e6000 	C:\WINDOWS\System32\SHELL32.dll
0x00007ffbd6cf0000 - 0x00007ffbd6d96000 	C:\WINDOWS\System32\shcore.dll
0x00007ffbd5d10000 - 0x00007ffbd6457000 	C:\WINDOWS\System32\windows.storage.dll
0x00007ffbd6c90000 - 0x00007ffbd6ce1000 	C:\WINDOWS\System32\shlwapi.dll
0x00007ffbd5af0000 - 0x00007ffbd5b01000 	C:\WINDOWS\System32\kernel.appcore.dll
0x00007ffbd5aa0000 - 0x00007ffbd5aec000 	C:\WINDOWS\System32\powrprof.dll
0x00007ffbd5a80000 - 0x00007ffbd5a9b000 	C:\WINDOWS\System32\profapi.dll
0x00007ffbcaf70000 - 0x00007ffbcaf8a000 	C:\Program Files\Android\Android Studio\jre\jre\bin\net.dll
0x00007ffbd52f0000 - 0x00007ffbd5356000 	C:\WINDOWS\system32\mswsock.dll
0x00007ffbcae40000 - 0x00007ffbcae51000 	C:\Program Files\Android\Android Studio\jre\jre\bin\nio.dll
0x00007ffbc9240000 - 0x00007ffbc9252000 	C:\Users\sergi\.gradle\native\19\windows-amd64\native-platform.dll
0x00007ffbd54b0000 - 0x00007ffbd54c7000 	C:\WINDOWS\SYSTEM32\CRYPTSP.dll
0x00007ffbd4ef0000 - 0x00007ffbd4f23000 	C:\WINDOWS\system32\rsaenh.dll
0x00007ffbd55c0000 - 0x00007ffbd55e5000 	C:\WINDOWS\SYSTEM32\bcrypt.dll
0x00007ffbd5990000 - 0x00007ffbd59b9000 	C:\WINDOWS\SYSTEM32\USERENV.dll
0x00007ffbd54d0000 - 0x00007ffbd54db000 	C:\WINDOWS\SYSTEM32\CRYPTBASE.dll
0x00007ffbd5080000 - 0x00007ffbd50b9000 	C:\WINDOWS\SYSTEM32\IPHLPAPI.DLL
0x00007ffbd7480000 - 0x00007ffbd7488000 	C:\WINDOWS\System32\NSI.dll
0x00007ffbcfa90000 - 0x00007ffbcfaa6000 	C:\WINDOWS\SYSTEM32\dhcpcsvc6.DLL
0x00007ffbcf990000 - 0x00007ffbcf9aa000 	C:\WINDOWS\SYSTEM32\dhcpcsvc.DLL
0x00007ffbc92a0000 - 0x00007ffbc92ad000 	C:\Program Files\Android\Android Studio\jre\jre\bin\management.dll

VM Arguments:
jvm_args: -Dorg.gradle.appname=gradlew 
java_command: org.gradle.wrapper.GradleWrapperMain installDebug
java_class_path (initial): d:\P\JavaScript\React-native\telegramAdmin\android\\gradle\wrapper\gradle-wrapper.jar
Launcher Type: SUN_STANDARD

Environment Variables:
JAVA_HOME=C:\Program Files\Android\Android Studio\jre
CLASSPATH=d:\P\JavaScript\React-native\telegramAdmin\android\\gradle\wrapper\gradle-wrapper.jar
PATH=C:\Program Files\Docker\Docker\Resources\bin;C:\WINDOWS\system32;C:\WINDOWS;C:\WINDOWS\System32\Wbem;C:\WINDOWS\System32\WindowsPowerShell\v1.0\;C:\Program Files\Git\cmd;C:\Program Files (x86)\Skype\Phone\;C:\Program Files\MySQL\MySQL Utilities 1.6\;C:\Program Files\nodejs\;C:\Program Files\PuTTY\;C:\Program Files\dotnet\;C:\Program Files\Microsoft SQL Server\130\Tools\Binn\;C:\Users\sergi\AppData\Local\Microsoft\WindowsApps;C:\Users\sergi\AppData\Local\GitHubDesktop\bin;C:\Users\sergi\AppData\Roaming\npm;C:\Users\sergi\AppData\Local\Microsoft\WindowsApps;C:\Program Files (x86)\Heroku\bin;C:\Program Files\Heroku\bin;C:\Program Files (x86)\Microsoft VS Code\bin;C:\Users\sergi\AppData\Local\Android\Sdk\platform-tools;
USERNAME=sergi
OS=Windows_NT
PROCESSOR_IDENTIFIER=Intel64 Family 6 Model 60 Stepping 3, GenuineIntel



---------------  S Y S T E M  ---------------

OS: Windows 10.0 , 64 bit Build 16299 (10.0.16299.15)

CPU:total 8 (initial active 8) (4 cores per cpu, 2 threads per core) family 6 model 60 stepping 3, cmov, cx8, fxsr, mmx, sse, sse2, sse3, ssse3, sse4.1, sse4.2, popcnt, avx, avx2, aes, clmul, erms, lzcnt, ht, tsc, tscinvbit, bmi1, bmi2

Memory: 4k page, physical 16713540k(5527680k free), swap 19389424k(6752k free)

vm_info: OpenJDK 64-Bit Server VM (25.152-b01) for windows-amd64 JRE (1.8.0_152-release-915-b01), built by "builder" with MS VC++ 10.0 (VS2010)

time: Fri Apr 13 19:12:39 2018
elapsed time: 4 seconds (0d 0h 0m 4s)

